<?xml version="1.0" encoding="UTF-8"?>
<!-- Generated by org.testng.reporters.JUnitReportReporter -->
<testsuite hostname="B1403F2D" name="com.plc.testsuite.Login" tests="1" failures="0" timestamp="7 Mar 2016 06:38:36 GMT" time="6.307" errors="0">
  <testcase name="test" time="6.307" classname="com.plc.testsuite.Login"/>
</testsuite> <!-- com.plc.testsuite.Login -->
