<?xml version="1.0" encoding="UTF-8"?>
<!-- Generated by org.testng.reporters.JUnitReportReporter -->
<testsuite hostname="B1403F2D" name="com.plc.testscripts.PLCTest" tests="1" failures="0" timestamp="7 Mar 2016 11:21:41 GMT" time="12.755" errors="0">
  <testcase name="loginToCashbookTest" time="12.755" classname="com.plc.testscripts.PLCTest"/>
</testsuite> <!-- com.plc.testscripts.PLCTest -->
