<?xml version="1.0" encoding="UTF-8"?>
<!-- Generated by org.testng.reporters.JUnitReportReporter -->
<testsuite hostname="SUMANTA" name="com.plc.testscripts.PLCTest" tests="3" failures="0" timestamp="27 Apr 2016 18:18:33 GMT" time="95.814" errors="0">
  <testcase name="searchLedgerTest" time="1.820" classname="com.plc.testscripts.PLCTest"/>
  <testcase name="loginToCashbookTest" time="69.475" classname="com.plc.testscripts.PLCTest"/>
  <testcase name="logOutTest" time="24.519" classname="com.plc.testscripts.PLCTest"/>
</testsuite> <!-- com.plc.testscripts.PLCTest -->
