<?xml version="1.0" encoding="UTF-8"?>
<!-- Generated by org.testng.reporters.JUnitReportReporter -->
<testsuite hostname="SUMANTA" name="com.plc.testscripts.PLCTest" tests="5" failures="0" timestamp="9 Mar 2016 20:00:24 GMT" time="47.069" errors="0">
  <testcase name="addNewBusinessTest" time="14.412" classname="com.plc.testscripts.PLCTest"/>
  <testcase name="loginToCashbookTest" time="21.696" classname="com.plc.testscripts.PLCTest"/>
  <testcase name="logOutTest" time="5.703" classname="com.plc.testscripts.PLCTest"/>
  <testcase name="searchLedgerTest" time="2.491" classname="com.plc.testscripts.PLCTest"/>
  <testcase name="ledgerLinkClickTest" time="2.767" classname="com.plc.testscripts.PLCTest"/>
</testsuite> <!-- com.plc.testscripts.PLCTest -->
