<?xml version="1.0" encoding="UTF-8"?>
<!-- Generated by org.testng.reporters.JUnitReportReporter -->
<testsuite hostname="B1403F2D" name="com.plc.testscripts.PLCTest" tests="3" failures="0" timestamp="10 Mar 2016 13:39:24 GMT" time="38.677" errors="0">
  <testcase name="logOutTest" time="5.307" classname="com.plc.testscripts.PLCTest"/>
  <testcase name="addNewBusinessTest" time="13.790" classname="com.plc.testscripts.PLCTest"/>
  <testcase name="loginToCashbookTest" time="19.580" classname="com.plc.testscripts.PLCTest"/>
</testsuite> <!-- com.plc.testscripts.PLCTest -->
