<?xml version="1.0" encoding="UTF-8"?>
<!-- Generated by org.testng.reporters.JUnitReportReporter -->
<testsuite hostname="B1403F2D" name="com.plc.testscripts.PLCTest" tests="3" failures="0" timestamp="9 Mar 2016 08:21:20 GMT" time="36.063" errors="0">
  <testcase name="logOutTest" time="7.419" classname="com.plc.testscripts.PLCTest"/>
  <testcase name="addNewBusinessTest" time="8.142" classname="com.plc.testscripts.PLCTest"/>
  <testcase name="loginToCashbookTest" time="20.502" classname="com.plc.testscripts.PLCTest"/>
</testsuite> <!-- com.plc.testscripts.PLCTest -->
